<?xml version="1.0" encoding="UTF-8"?>
<!-- Generated by org.testng.reporters.JUnitXMLReporter -->
<testsuite hostname="Gaurav-MacBook-Air.local" name="Surefire test" tests="4" failures="0" timestamp="11 Nov 2017 06:41:08 GMT" time="0.039" errors="0">
  <testcase name="@BeforeMethod openBrowser" time="0.0" classname="testcases.HomepageTest">
    <failure type="org.testng.TestNGException" message="
Parameter &amp;apos;browser&amp;apos; is required by @Configuration on method openBrowser but has not been marked @Optional or defined
">
      <![CDATA[org.testng.TestNGException: 
Parameter 'browser' is required by @Configuration on method openBrowser but has not been marked @Optional or defined

... Removed 27 stack frames]]>
    </failure>
  </testcase> <!-- @BeforeMethod openBrowser -->
  <testcase name="@AfterMethod closeBrowser" time="0.0" classname="testcases.HomepageTest">
    <skipped/>
  </testcase> <!-- @AfterMethod closeBrowser -->
  <testcase name="@BeforeMethod openBrowser" time="0.0" classname="testcases.HomepageTest">
    <skipped/>
  </testcase> <!-- @BeforeMethod openBrowser -->
  <testcase name="@AfterMethod closeBrowser" time="0.0" classname="testcases.HomepageTest">
    <skipped/>
  </testcase> <!-- @AfterMethod closeBrowser -->
  <testcase name="@BeforeMethod openBrowser" time="0.0" classname="testcases.HomepageTest">
    <skipped/>
  </testcase> <!-- @BeforeMethod openBrowser -->
  <testcase name="@AfterMethod closeBrowser" time="0.0" classname="testcases.HomepageTest">
    <skipped/>
  </testcase> <!-- @AfterMethod closeBrowser -->
  <testcase name="@BeforeMethod openBrowser" time="0.0" classname="testcases.HomepageTest">
    <skipped/>
  </testcase> <!-- @BeforeMethod openBrowser -->
  <testcase name="@AfterMethod closeBrowser" time="0.0" classname="testcases.HomepageTest">
    <skipped/>
  </testcase> <!-- @AfterMethod closeBrowser -->
  <testcase name="@AfterClass quitebrowser" time="0.0" classname="testcases.HomepageTest">
    <skipped/>
  </testcase> <!-- @AfterClass quitebrowser -->
  <testcase name="verifyPageTitle" time="0.001" classname="testcases.HomepageTest">
    <skipped/>
  </testcase> <!-- verifyPageTitle -->
  <testcase name="verifyCurrentURL" time="0.0" classname="testcases.HomepageTest">
    <skipped/>
  </testcase> <!-- verifyCurrentURL -->
  <testcase name="verifyInputFormDropdown" time="0.0" classname="testcases.HomepageTest">
    <skipped/>
  </testcase> <!-- verifyInputFormDropdown -->
  <testcase name="verifyDatePickerDropdown" time="0.001" classname="testcases.HomepageTest">
    <skipped/>
  </testcase> <!-- verifyDatePickerDropdown -->
</testsuite> <!-- Surefire test -->
